Determining if the pthread_create exist failed with the following output:
Change Dir: /opt/opendlv.cfsd18.build/sim-cfsd18-prefix/src/sim-cfsd18-build/CMakeFiles/CMakeTmp

Run Build Command:"/usr/bin/make" "cmTC_c5294/fast"
make[3]: Entering directory '/opt/opendlv.cfsd18.build/sim-cfsd18-prefix/src/sim-cfsd18-build/CMakeFiles/CMakeTmp'
/usr/bin/make -f CMakeFiles/cmTC_c5294.dir/build.make CMakeFiles/cmTC_c5294.dir/build
make[4]: Entering directory '/opt/opendlv.cfsd18.build/sim-cfsd18-prefix/src/sim-cfsd18-build/CMakeFiles/CMakeTmp'
Building C object CMakeFiles/cmTC_c5294.dir/CheckSymbolExists.c.o
/usr/lib/ccache/cc    -fstack-protector-all -fPIC -Werror -pedantic-errors -Wall -Wextra -std=c99    -o CMakeFiles/cmTC_c5294.dir/CheckSymbolExists.c.o   -c /opt/opendlv.cfsd18.build/sim-cfsd18-prefix/src/sim-cfsd18-build/CMakeFiles/CMakeTmp/CheckSymbolExists.c
/opt/opendlv.cfsd18.build/sim-cfsd18-prefix/src/sim-cfsd18-build/CMakeFiles/CMakeTmp/CheckSymbolExists.c: In function 'main':
/opt/opendlv.cfsd18.build/sim-cfsd18-prefix/src/sim-cfsd18-build/CMakeFiles/CMakeTmp/CheckSymbolExists.c:8:11: error: ISO C forbids conversion of function pointer to object pointer type [-Wpedantic]
   return ((int*)(&pthread_create))[argc];
           ^
CMakeFiles/cmTC_c5294.dir/build.make:65: recipe for target 'CMakeFiles/cmTC_c5294.dir/CheckSymbolExists.c.o' failed
make[4]: *** [CMakeFiles/cmTC_c5294.dir/CheckSymbolExists.c.o] Error 1
make[4]: Leaving directory '/opt/opendlv.cfsd18.build/sim-cfsd18-prefix/src/sim-cfsd18-build/CMakeFiles/CMakeTmp'
Makefile:126: recipe for target 'cmTC_c5294/fast' failed
make[3]: *** [cmTC_c5294/fast] Error 2
make[3]: Leaving directory '/opt/opendlv.cfsd18.build/sim-cfsd18-prefix/src/sim-cfsd18-build/CMakeFiles/CMakeTmp'

File /opt/opendlv.cfsd18.build/sim-cfsd18-prefix/src/sim-cfsd18-build/CMakeFiles/CMakeTmp/CheckSymbolExists.c:
/* */
#include <pthread.h>

int main(int argc, char** argv)
{
  (void)argv;
#ifndef pthread_create
  return ((int*)(&pthread_create))[argc];
#else
  (void)argc;
  return 0;
#endif
}

Determining if the function pthread_create exists in the pthreads failed with the following output:
Change Dir: /opt/opendlv.cfsd18.build/sim-cfsd18-prefix/src/sim-cfsd18-build/CMakeFiles/CMakeTmp

Run Build Command:"/usr/bin/make" "cmTC_bd7c1/fast"
make[3]: Entering directory '/opt/opendlv.cfsd18.build/sim-cfsd18-prefix/src/sim-cfsd18-build/CMakeFiles/CMakeTmp'
/usr/bin/make -f CMakeFiles/cmTC_bd7c1.dir/build.make CMakeFiles/cmTC_bd7c1.dir/build
make[4]: Entering directory '/opt/opendlv.cfsd18.build/sim-cfsd18-prefix/src/sim-cfsd18-build/CMakeFiles/CMakeTmp'
Building C object CMakeFiles/cmTC_bd7c1.dir/CheckFunctionExists.c.o
/usr/lib/ccache/cc    -fstack-protector-all -fPIC -Werror -pedantic-errors -Wall -Wextra -std=c99 -DCHECK_FUNCTION_EXISTS=pthread_create   -o CMakeFiles/cmTC_bd7c1.dir/CheckFunctionExists.c.o   -c /usr/share/cmake-3.5/Modules/CheckFunctionExists.c
Linking C executable cmTC_bd7c1
/usr/bin/cmake -E cmake_link_script CMakeFiles/cmTC_bd7c1.dir/link.txt --verbose=1
/usr/lib/ccache/cc  -fstack-protector-all -fPIC -Werror -pedantic-errors -Wall -Wextra -std=c99 -DCHECK_FUNCTION_EXISTS=pthread_create    CMakeFiles/cmTC_bd7c1.dir/CheckFunctionExists.c.o  -o cmTC_bd7c1 -rdynamic -lpthreads 
/usr/bin/ld: cannot find -lpthreads
collect2: error: ld returned 1 exit status
CMakeFiles/cmTC_bd7c1.dir/build.make:97: recipe for target 'cmTC_bd7c1' failed
make[4]: *** [cmTC_bd7c1] Error 1
make[4]: Leaving directory '/opt/opendlv.cfsd18.build/sim-cfsd18-prefix/src/sim-cfsd18-build/CMakeFiles/CMakeTmp'
Makefile:126: recipe for target 'cmTC_bd7c1/fast' failed
make[3]: *** [cmTC_bd7c1/fast] Error 2
make[3]: Leaving directory '/opt/opendlv.cfsd18.build/sim-cfsd18-prefix/src/sim-cfsd18-build/CMakeFiles/CMakeTmp'


